<?xml version="1.0" encoding="UTF-8"?>
<!-- Generated by org.testng.reporters.JUnitReportReporter -->
<testsuite skipped="0" hostname="LAPTOP-2JVU3P2F" name="tests.TC002_DeleteLead" tests="2" failures="0" timestamp="07 Jul 2019 06:55:38 GMT" time="42.366" errors="0">
  <testcase name="DeleteLeadTest" time="20.250" classname="tests.TC002_DeleteLead"/>
  <testcase name="DeleteLeadTest" time="22.116" classname="tests.TC002_DeleteLead"/>
</testsuite> <!-- tests.TC002_DeleteLead -->
