<?xml version="1.0" encoding="UTF-8"?>
<!-- Generated by org.testng.reporters.JUnitReportReporter -->
<testsuite skipped="0" hostname="LAPTOP-2JVU3P2F" name="tests.TC001_CreateLead" tests="2" failures="0" timestamp="07 Jul 2019 06:18:31 GMT" time="32.199" errors="0">
  <testcase name="createLeadTest" time="13.928" classname="tests.TC001_CreateLead"/>
  <testcase name="createLeadTest" time="18.271" classname="tests.TC001_CreateLead"/>
</testsuite> <!-- tests.TC001_CreateLead -->
